<?xml version="1.0" encoding="UTF-8"?>
<!-- Generated by org.testng.reporters.JUnitXMLReporter -->
<testsuite ignored="0" hostname="DESKTOP-FUGQNF4" failures="0" tests="7" name="ChromeTest" time="621.068" errors="0" timestamp="2023-09-10T03:55:51 EDT">
  <testcase classname="com.spicejet.tests.SpicejetTest" name="browserLaunch" time="11.513"/>
  <testcase classname="com.spicejet.tests.SpicejetLoginTest" name="loginSpiceJet" time="72.182"/>
  <testcase classname="com.spicejet.tests.SpicejetRoundTripTest" name="SearchRoundTripFlight" time="78.809"/>
  <testcase classname="com.spicejet.tests.SpicejetBookingFieldTest" name="validateBookingField" time="72.385"/>
  <testcase classname="com.spicejet.tests.SpicejetBookingTest" name="BookingFlight" time="83.678"/>
  <testcase classname="com.spicejet.tests.SpicejetSignUpTest" name="signUpPage" time="46.741"/>
  <testcase classname="com.spicejet.tests.SpicejetLogin_NegativeTest" name="loginInvalidCred" time="248.217"/>
</testsuite> <!-- ChromeTest -->
