<?xml version="1.0" encoding="UTF-8"?>
<!-- Generated by org.testng.reporters.JUnitXMLReporter -->
<testsuite ignored="0" hostname="DESKTOP-FUGQNF4" failures="0" tests="7" name="ChromeTest" time="360.683" errors="0" timestamp="2023-09-10T15:17:26 EDT">
  <testcase classname="com.spicejet.tests.SpicejetTest" name="browserLaunch" time="14.496"/>
  <testcase classname="com.spicejet.tests.SpicejetLoginTest" name="loginSpiceJet" time="81.3"/>
  <testcase classname="com.spicejet.tests.SpicejetRoundTripTest" name="SearchRoundTripFlight" time="11.114"/>
  <testcase classname="com.spicejet.tests.SpicejetBookingFieldTest" name="validateBookingField" time="76.916"/>
  <testcase classname="com.spicejet.tests.SpicejetBookingTest" name="BookingFlight" time="98.455"/>
  <testcase classname="com.spicejet.tests.SpicejetSignUpTest" name="signUpPage" time="47.128"/>
  <testcase classname="com.spicejet.tests.SpicejetLogin_NegativeTest" name="loginInvalidCred" time="23.699"/>
</testsuite> <!-- ChromeTest -->
