<?xml version="1.0" encoding="UTF-8"?>
<testng-results ignored="0" total="1" passed="1" failed="0" skipped="0">
  <reporter-output>
  </reporter-output>
  <suite started-at="2023-09-10T15:09:41 EDT" name="Default suite" finished-at="2023-09-10T15:10:42 EDT" duration-ms="61111">
    <groups>
    </groups>
    <test started-at="2023-09-10T15:09:41 EDT" name="Default test" finished-at="2023-09-10T15:10:42 EDT" duration-ms="61111">
      <class name="com.spicejet.tests.SpicejetSignUpTest">
        <test-method is-config="true" signature="setUp(java.lang.String)[pri:0, instance:com.spicejet.tests.SpicejetSignUpTest@53fb3dab]" started-at="2023-09-10T15:09:41 EDT" name="setUp" finished-at="2023-09-10T15:09:41 EDT" duration-ms="32" status="PASS">
          <params>
            <param index="0">
              <value>
                <![CDATA[chrome]]>
              </value>
            </param>
          </params>
          <reporter-output>
          </reporter-output>
        </test-method> <!-- setUp -->
        <test-method signature="signUpPage()[pri:0, instance:com.spicejet.tests.SpicejetSignUpTest@53fb3dab]" started-at="2023-09-10T15:09:41 EDT" name="signUpPage" finished-at="2023-09-10T15:10:42 EDT" duration-ms="61030" status="PASS">
          <reporter-output>
          </reporter-output>
        </test-method> <!-- signUpPage -->
      </class> <!-- com.spicejet.tests.SpicejetSignUpTest -->
    </test> <!-- Default test -->
  </suite> <!-- Default suite -->
</testng-results>
